TN:
SF:src/components/atoms/TextWithIcon.tsx
FN:9,TextWithIcon
FNF:1
FNH:1
FNDA:10,TextWithIcon
DA:1,1
DA:3,1
DA:9,10
DA:10,10
LF:4
LH:4
BRDA:24,0,0,10
BRF:1
BRH:1
end_of_record
TN:
SF:src/components/molecules/VisibleOnScroll.tsx
FN:7,VisibleOnScroll
FN:13,(anonymous_5)
FN:20,(anonymous_6)
FN:36,(anonymous_7)
FNF:4
FNH:2
FNDA:3,VisibleOnScroll
FNDA:3,(anonymous_5)
FNDA:0,(anonymous_6)
FNDA:0,(anonymous_7)
DA:2,1
DA:7,3
DA:8,3
DA:9,3
DA:10,3
DA:11,3
DA:13,3
DA:15,3
DA:16,3
DA:19,0
DA:21,0
DA:22,0
DA:23,0
DA:24,0
DA:26,0
DA:33,0
DA:36,0
DA:37,0
LF:18
LH:9
BRDA:15,0,0,3
BRDA:23,1,0,0
BRDA:23,1,1,0
BRDA:23,2,0,0
BRDA:23,2,1,0
BRDA:33,3,0,0
BRDA:33,3,1,0
BRDA:44,4,0,0
BRDA:44,4,1,3
BRF:9
BRH:2
end_of_record
TN:
SF:src/components/organisms/choosePlanCard/index.tsx
FN:18,ChoosePlanCard
FNF:1
FNH:1
FNDA:34,ChoosePlanCard
DA:2,2
DA:3,2
DA:4,2
DA:5,2
DA:18,34
DA:29,34
LF:6
LH:6
BRF:0
BRH:0
end_of_record
TN:
SF:src/components/organisms/choosePlanSection/index.tsx
FN:18,ChoosePlanSection
FN:34,choosePlan
FN:38,addSubscription
FN:42,chooseColor
FN:133,(anonymous_9)
FN:136,(anonymous_10)
FN:200,(anonymous_11)
FN:225,(anonymous_12)
FNF:8
FNH:8
FNDA:10,ChoosePlanSection
FNDA:3,choosePlan
FNDA:1,addSubscription
FNDA:1,chooseColor
FNDA:12,(anonymous_9)
FNDA:1,(anonymous_10)
FNDA:30,(anonymous_11)
FNDA:3,(anonymous_12)
DA:2,1
DA:3,1
DA:8,1
DA:9,1
DA:10,1
DA:11,1
DA:12,1
DA:18,4
DA:19,10
DA:21,10
DA:22,10
DA:30,10
DA:35,3
DA:36,3
DA:40,1
DA:43,1
DA:134,12
DA:136,1
DA:201,30
DA:225,3
LF:20
LH:20
BRDA:48,0,0,4
BRDA:48,0,1,6
BRDA:86,1,0,1
BRDA:86,1,1,3
BRDA:88,2,0,2
BRDA:88,2,1,1
BRDA:144,3,0,4
BRDA:144,3,1,8
BRDA:152,4,0,4
BRDA:152,4,1,8
BRDA:161,5,0,8
BRDA:161,5,1,4
BRDA:203,6,0,0
BRDA:203,6,1,30
BRDA:208,7,0,10
BRDA:208,7,1,20
BRDA:213,8,0,10
BRDA:213,8,1,20
BRDA:215,9,0,10
BRDA:215,9,1,10
BRF:20
BRH:19
end_of_record
TN:
SF:src/components/organisms/flexIntro/index.tsx
FN:5,FlexIntro
FN:6,handleSubscribe
FNF:2
FNH:1
FNDA:2,FlexIntro
FNDA:0,handleSubscribe
DA:2,1
DA:3,1
DA:5,2
LF:3
LH:3
BRF:0
BRH:0
end_of_record
TN:
SF:src/components/organisms/footer/index.tsx
FN:13,Footer
FN:171,(anonymous_3)
FNF:2
FNH:2
FNDA:3,Footer
FNDA:9,(anonymous_3)
DA:2,1
DA:3,1
DA:5,1
DA:6,1
DA:7,1
DA:13,3
DA:14,3
DA:172,9
LF:8
LH:8
BRF:0
BRH:0
end_of_record
TN:
SF:src/components/organisms/footerLegalSection/index.tsx
FN:4,FooterLegalSection
FNF:1
FNH:1
FNDA:2,FooterLegalSection
DA:1,1
DA:4,2
DA:5,2
LF:3
LH:3
BRF:0
BRH:0
end_of_record
TN:
SF:src/components/organisms/footerPopularSearches/index.tsx
FN:10,FooterPopularSearches
FN:29,(anonymous_3)
FNF:2
FNH:2
FNDA:2,FooterPopularSearches
FNDA:6,(anonymous_3)
DA:2,1
DA:3,1
DA:4,1
DA:10,2
DA:11,2
DA:30,6
LF:6
LH:6
BRF:0
BRH:0
end_of_record
TN:
SF:src/components/organisms/howItWorks/index.tsx
FN:10,HowItWorksCard
FNF:1
FNH:1
FNDA:6,HowItWorksCard
DA:1,2
DA:10,6
DA:11,6
LF:3
LH:3
BRF:0
BRH:0
end_of_record
TN:
SF:src/components/organisms/howItWorksSection/index.tsx
FN:15,HowItWorksSection
FN:20,(anonymous_3)
FNF:2
FNH:2
FNDA:2,HowItWorksSection
FNDA:4,(anonymous_3)
DA:2,1
DA:3,1
DA:10,1
DA:15,2
DA:21,4
LF:5
LH:5
BRDA:23,0,0,0
BRDA:23,0,1,4
BRDA:31,1,0,2
BRDA:31,1,1,2
BRDA:33,2,0,2
BRDA:33,2,1,0
BRDA:39,3,0,0
BRDA:39,3,1,4
BRF:8
BRH:5
end_of_record
TN:
SF:src/components/organisms/modals/ModalTemplate.tsx
FN:23,ModalTemplate
FN:62,(anonymous_3)
FNF:2
FNH:2
FNDA:4,ModalTemplate
FNDA:1,(anonymous_3)
DA:2,1
DA:3,1
DA:23,4
DA:42,4
DA:62,1
LF:5
LH:5
BRDA:49,0,0,4
BRDA:49,0,1,0
BRDA:50,1,0,4
BRDA:50,1,1,0
BRDA:54,2,0,4
BRDA:70,3,0,4
BRDA:72,4,0,4
BRDA:74,5,0,0
BRDA:80,6,0,0
BRDA:80,6,1,0
BRDA:86,7,0,0
BRDA:92,8,0,0
BRDA:92,8,1,0
BRF:13
BRH:5
end_of_record
TN:
SF:src/components/organisms/stickyHeader/index.tsx
FN:9,StickyHeader
FN:12,handleSubscribe
FN:25,(anonymous_4)
FNF:3
FNH:2
FNDA:3,StickyHeader
FNDA:0,handleSubscribe
FNDA:9,(anonymous_4)
DA:2,1
DA:4,1
DA:5,1
DA:9,3
DA:10,3
DA:26,9
LF:6
LH:6
BRDA:30,0,0,3
BRDA:30,0,1,6
BRF:2
BRH:2
end_of_record
TN:
SF:src/components/organisms/theDetail/index.tsx
FN:11,TheDetail
FN:26,(anonymous_3)
FNF:2
FNH:2
FNDA:2,TheDetail
FNDA:10,(anonymous_3)
DA:2,1
DA:3,1
DA:5,1
DA:11,2
DA:12,2
DA:27,10
LF:6
LH:6
BRDA:25,0,0,2
BRDA:25,0,1,2
BRF:2
BRH:2
end_of_record
